빌드 시작: 2016-04-11 오후 8:38:52
     1>2 노드의 "C:\Users\USER\Desktop\2012112850_김치현\2012112850_김치현\2012112850_김치현.vcxproj" 프로젝트(build 대상)입니다.
     1>InitializeBuildStatus:
         "AlwaysCreate"이(가) 지정되었기 때문에 "Debug\2012112850_김치현.unsuccessfulbuild"을(를) 만들고 있습니다.
       ClCompile:
         C:\Program Files (x86)\Microsoft Visual Studio 10.0\VC\bin\CL.exe /c /ZI /nologo /W3 /WX- /Od /Oy- /D WIN32 /D _DEBUG /D _CONSOLE /D _UNICODE /D UNICODE /Gm /EHsc /RTC1 /MDd /GS /fp:precise /Zc:wchar_t /Zc:forScope /Fo"Debug\\" /Fd"Debug\vc100.pdb" /Gd /TC /analyze- /errorReport:prompt Q7.c Q8.c
         Q8.c
     1>c:\users\user\desktop\2012112850_김치현\2012112850_김치현\q8.c(8): warning C4996: 'scanf': This function or variable may be unsafe. Consider using scanf_s instead. To disable deprecation, use _CRT_SECURE_NO_WARNINGS. See online help for details.
                 c:\program files (x86)\microsoft visual studio 10.0\vc\include\stdio.h(304) : 'scanf' 선언을 참조하십시오.
     1>c:\users\user\desktop\2012112850_김치현\2012112850_김치현\q8.c(10): warning C4244: '=' : 'double'에서 'int'(으)로 변환하면서 데이터가 손실될 수 있습니다.
         Q7.c
         코드를 생성하고 있습니다...
       ManifestResourceCompile:
         모든 출력이 최신 상태입니다.
       Link:
         C:\Program Files (x86)\Microsoft Visual Studio 10.0\VC\bin\link.exe /ERRORREPORT:PROMPT /OUT:"C:\Users\USER\Desktop\2012112850_김치현\Debug\2012112850_김치현.exe" /INCREMENTAL /NOLOGO kernel32.lib user32.lib gdi32.lib winspool.lib comdlg32.lib advapi32.lib shell32.lib ole32.lib oleaut32.lib uuid.lib odbc32.lib odbccp32.lib /MANIFEST /ManifestFile:"Debug\2012112850_김치현.exe.intermediate.manifest" /MANIFESTUAC:"level='asInvoker' uiAccess='false'" /DEBUG /PDB:"C:\Users\USER\Desktop\2012112850_김치현\Debug\2012112850_김치현.pdb" /SUBSYSTEM:CONSOLE /TLBID:1 /DYNAMICBASE /NXCOMPAT /IMPLIB:"C:\Users\USER\Desktop\2012112850_김치현\Debug\2012112850_김치현.lib" /MACHINE:X86 "Debug\2012112850_김치현.exe.embed.manifest.res"
         Debug\Q2.obj
         Debug\Q3.obj
         Debug\Q4.obj
         Debug\Q5.obj
         Debug\Q6.obj
         Debug\Q7.obj
         Debug\Q8.obj
       Manifest:
         C:\Program Files (x86)\Microsoft SDKs\Windows\v7.0A\bin\mt.exe /nologo /verbose /out:"Debug\2012112850_김치현.exe.embed.manifest" /manifest "Debug\2012112850_김치현.exe.intermediate.manifest"
         모든 출력이 최신 상태입니다.
       LinkEmbedManifest:
         모든 출력이 최신 상태입니다.
         2012112850_김치현.vcxproj -> C:\Users\USER\Desktop\2012112850_김치현\Debug\2012112850_김치현.exe
       FinalizeBuildStatus:
         "Debug\2012112850_김치현.unsuccessfulbuild" 파일을 삭제하고 있습니다.
         "Debug\2012112850_김치현.lastbuildstate"에 연결(touching)하고 있습니다.
     1>"C:\Users\USER\Desktop\2012112850_김치현\2012112850_김치현\2012112850_김치현.vcxproj" 프로젝트를 빌드했습니다(build 대상).

빌드했습니다.

경과 시간: 00:00:00.65
